Arguments: 
  /usr/local/bin/node /usr/local/bin/yarn init

PATH: 
  /usr/local/bin:/usr/bin:/bin:/usr/sbin:/sbin:/opt/X11/bin:/Library/Apple/usr/bin:/Users/hongbin/.rvm/bin

Yarn version: 
  1.22.10

Node version: 
  16.13.0

Platform: 
  darwin x64

Trace: 
  Error: canceled
      at Interface.<anonymous> (/usr/local/lib/node_modules/yarn/lib/cli.js:136216:13)
      at Interface.emit (node:events:390:28)
      at Interface._ttyWrite (node:readline:1081:16)
      at ReadStream.onkeypress (node:readline:288:10)
      at ReadStream.emit (node:events:390:28)
      at emitKeys (node:internal/readline/utils:358:14)
      at emitKeys.next (<anonymous>)
      at ReadStream.onData (node:internal/readline/emitKeypressEvents:61:36)
      at ReadStream.emit (node:events:390:28)
      at addChunk (node:internal/streams/readable:315:12)

npm manifest: 
  {
    "scripts": {
      "build": "webpack --config ./bundler/webpack.prod.js",
      "dev": "webpack serve --config ./bundler/webpack.dev.js"
    },
    "dependencies": {
      "@babel/core": "^7.12.10",
      "@babel/preset-env": "^7.12.11",
      "babel-loader": "^8.2.2",
      "clean-webpack-plugin": "^3.0.0",
      "copy-webpack-plugin": "^7.0.0",
      "css-loader": "^5.0.1",
      "dat.gui": "^0.7.7",
      "echarts": "^5.3.0",
      "file-loader": "^6.2.0",
      "gsap": "^3.9.1",
      "html-loader": "^1.3.2",
      "html-webpack-plugin": "^5.0.0-alpha.7",
      "mini-css-extract-plugin": "^1.3.4",
      "portfinder-sync": "0.0.2",
      "raw-loader": "^4.0.2",
      "style-loader": "^2.0.0",
      "three": "^0.137.5",
      "tween.js": "^16.6.0",
      "webpack": "^5.14.0",
      "webpack-cli": "^4.3.1",
      "webpack-dev-server": "^3.11.2",
      "webpack-merge": "^5.7.3"
    }
  }

yarn manifest: 
  No manifest

Lockfile: 
  No lockfile
